<?xml version="1.0" encoding="UTF-8"?>
<!-- Generated by org.testng.reporters.JUnitReportReporter -->
<testsuite hostname="TYSS-Praveen" failures="0" tests="4" name="com.qa.bk.PLPmodule.PLPTest" time="193.316" errors="0" timestamp="2024-12-25T20:17:44 IST" skipped="0">
  <testcase classname="com.qa.bk.PLPmodule.PLPTest" name="Verify_Sort_Functionality" time="6.905"/>
  <system-out/>
  <testcase classname="com.qa.bk.PLPmodule.PLPTest" name="Verify_Search_Functionality" time="13.730"/>
  <system-out/>
  <testcase classname="com.qa.bk.PLPmodule.PLPTest" name="Validate_the_Product_name_on_PLP_and_PDP" time="151.458"/>
  <system-out/>
  <testcase classname="com.qa.bk.PLPmodule.PLPTest" name="Verify_Product_Data_Integrity_On_PLP_PDP_and_Cart" time="21.223"/>
  <system-out/>
</testsuite> <!-- com.qa.bk.PLPmodule.PLPTest -->
