<?xml version="1.0" encoding="UTF-8"?>
<!-- Generated by org.testng.reporters.JUnitReportReporter -->
<testsuite hostname="TYSS-Praveen" failures="0" tests="10" name="com.qa.bk.DesktopModule.PLPTest" time="261.502" errors="0" timestamp="2025-01-21T12:51:21 IST" skipped="3">
  <testcase classname="com.qa.bk.DesktopModule.PLPTest" name="Verify_search_functionality" time="6.817">
    <skipped/>
  </testcase> <!-- Verify_search_functionality -->
  <system-out/>
  <testcase classname="com.qa.bk.DesktopModule.PLPTest" name="Verify_InfiniteScroll_functionality" time="27.442"/>
  <system-out/>
  <testcase classname="com.qa.bk.DesktopModule.PLPTest" name="Verify_search_functionality" time="60.658"/>
  <system-out/>
  <testcase classname="com.qa.bk.DesktopModule.PLPTest" name="Validate_Filter_Functionality" time="11.075"/>
  <system-out/>
  <testcase classname="com.qa.bk.DesktopModule.PLPTest" name="Verify_MobileCover_functionality" time="51.652"/>
  <system-out/>
  <testcase classname="com.qa.bk.DesktopModule.PLPTest" name="Verify_ProductName_Data_Integrity" time="63.824"/>
  <system-out/>
  <testcase classname="com.qa.bk.DesktopModule.PLPTest" name="Verify_Sort_Functionality" time="4.731">
    <skipped/>
  </testcase> <!-- Verify_Sort_Functionality -->
  <system-out/>
  <testcase classname="com.qa.bk.DesktopModule.PLPTest" name="Verify_Product_Data_Integrity_On_PLP_PDP_and_Cart" time="8.031"/>
  <system-out/>
  <testcase classname="com.qa.bk.DesktopModule.PLPTest" name="Verify_Sort_Functionality" time="20.539"/>
  <system-out/>
  <testcase classname="com.qa.bk.DesktopModule.PLPTest" name="Verify_search_functionality" time="6.733">
    <skipped/>
  </testcase> <!-- Verify_search_functionality -->
  <system-out/>
</testsuite> <!-- com.qa.bk.DesktopModule.PLPTest -->
