<?xml version="1.0" encoding="UTF-8"?>
<!-- Generated by org.testng.reporters.JUnitReportReporter -->
<testsuite hostname="TYSS-Praveen" failures="0" tests="4" name="com.qa.bk.DesktopModule.PLPTest" time="46.279" errors="0" timestamp="2024-12-25T20:45:34 IST" skipped="0">
  <testcase classname="com.qa.bk.DesktopModule.PLPTest" name="Validate_Sort_Functionality" time="22.772"/>
  <system-out/>
  <testcase classname="com.qa.bk.DesktopModule.PLPTest" name="Verify_ProductName_Data_Integrity" time="2.083"/>
  <system-out/>
  <testcase classname="com.qa.bk.DesktopModule.PLPTest" name="Verify_Product_Data_Integrity_On_PLP_PDP_and_Cart" time="9.378"/>
  <system-out/>
  <testcase classname="com.qa.bk.DesktopModule.PLPTest" name="Validate_Filter_Functionality" time="12.046"/>
  <system-out/>
</testsuite> <!-- com.qa.bk.DesktopModule.PLPTest -->
